#
# There is insufficient memory for the Java Runtime Environment to continue.
# Native memory allocation (mmap) failed to map 900202496 bytes for committing reserved memory.
# Possible reasons:
#   The system is out of physical RAM or swap space
#   In 32 bit mode, the process size limit was hit
# Possible solutions:
#   Reduce memory load on the system
#   Increase physical memory or swap space
#   Check if swap backing store is full
#   Use 64 bit Java on a 64 bit OS
#   Decrease Java heap size (-Xmx/-Xms)
#   Decrease number of Java threads
#   Decrease Java thread stack sizes (-Xss)
#   Set larger code cache with -XX:ReservedCodeCacheSize=
# This output file may be truncated or incomplete.
#
#  Out of Memory Error (os_linux.cpp:2627), pid=2889, tid=0x00007f7d1fcfc700
#
# JRE version: Java(TM) SE Runtime Environment (8.0_121-b13) (build 1.8.0_121-b13)
# Java VM: Java HotSpot(TM) 64-Bit Server VM (25.121-b13 mixed mode linux-amd64 compressed oops)
# Failed to write core dump. Core dumps have been disabled. To enable core dumping, try "ulimit -c unlimited" before starting Java again
#

---------------  T H R E A D  ---------------

Current thread (0x00007f7d50078000):  VMThread [stack: 0x00007f7d1fbfc000,0x00007f7d1fcfd000] [id=2900]

Stack: [0x00007f7d1fbfc000,0x00007f7d1fcfd000],  sp=0x00007f7d1fcfb0e0,  free space=1020k
Native frames: (J=compiled Java code, j=interpreted, Vv=VM code, C=native code)
V  [libjvm.so+0xac703a]  VMError::report_and_die()+0x2ba
V  [libjvm.so+0x4fc7eb]  report_vm_out_of_memory(char const*, int, unsigned long, VMErrorType, char const*)+0x8b
V  [libjvm.so+0x923c43]  os::Linux::commit_memory_impl(char*, unsigned long, bool)+0x103
V  [libjvm.so+0x924199]  os::pd_commit_memory(char*, unsigned long, unsigned long, bool)+0x29
V  [libjvm.so+0x91e4aa]  os::commit_memory(char*, unsigned long, unsigned long, bool)+0x2a
V  [libjvm.so+0x992f03]  PSVirtualSpace::expand_by(unsigned long)+0x53
V  [libjvm.so+0x9837c0]  PSOldGen::expand(unsigned long)+0x170
V  [libjvm.so+0x9839cb]  PSOldGen::resize(unsigned long)+0x1cb
V  [libjvm.so+0x98b6d1]  PSParallelCompact::invoke_no_policy(bool)+0x991
V  [libjvm.so+0x99102d]  PSScavenge::invoke()+0x1ad
V  [libjvm.so+0x947c10]  ParallelScavengeHeap::failed_mem_allocate(unsigned long)+0x70
V  [libjvm.so+0xac8a57]  VM_ParallelGCFailedAllocation::doit()+0x97
V  [libjvm.so+0xad0535]  VM_Operation::evaluate()+0x55
V  [libjvm.so+0xace90a]  VMThread::evaluate_operation(VM_Operation*)+0xba
V  [libjvm.so+0xacec8e]  VMThread::loop()+0x1ce
V  [libjvm.so+0xacf100]  VMThread::run()+0x70
V  [libjvm.so+0x926268]  java_start(Thread*)+0x108

VM_Operation (0x00007f7d569b9440): ParallelGCFailedAllocation, mode: safepoint, requested by thread 0x00007f7d5000a000


---------------  P R O C E S S  ---------------

Java Threads: ( => current thread )
  0x00007f7d500d3000 JavaThread "Service Thread" daemon [_thread_blocked, id=2907, stack(0x00007f7d1eca3000,0x00007f7d1eda4000)]
  0x00007f7d500be000 JavaThread "C1 CompilerThread2" daemon [_thread_blocked, id=2906, stack(0x00007f7d1eda4000,0x00007f7d1eea5000)]
  0x00007f7d500bc000 JavaThread "C2 CompilerThread1" daemon [_thread_blocked, id=2905, stack(0x00007f7d1eea5000,0x00007f7d1efa6000)]
  0x00007f7d500b9800 JavaThread "C2 CompilerThread0" daemon [_thread_blocked, id=2904, stack(0x00007f7d1efa6000,0x00007f7d1f0a7000)]
  0x00007f7d500b8000 JavaThread "Signal Dispatcher" daemon [_thread_blocked, id=2903, stack(0x00007f7d1f0a7000,0x00007f7d1f1a8000)]
  0x00007f7d50084000 JavaThread "Finalizer" daemon [_thread_blocked, id=2902, stack(0x00007f7d1f9fa000,0x00007f7d1fafb000)]
  0x00007f7d5007f800 JavaThread "Reference Handler" daemon [_thread_blocked, id=2901, stack(0x00007f7d1fafb000,0x00007f7d1fbfc000)]
  0x00007f7d5000a000 JavaThread "main" [_thread_blocked, id=2892, stack(0x00007f7d568ba000,0x00007f7d569bb000)]

Other Threads:
=>0x00007f7d50078000 VMThread [stack: 0x00007f7d1fbfc000,0x00007f7d1fcfd000] [id=2900]
  0x00007f7d500d6000 WatcherThread [stack: 0x00007f7d1eba2000,0x00007f7d1eca3000] [id=2908]

VM state:at safepoint (normal execution)

VM Mutex/Monitor currently owned by a thread:  ([mutex/lock_event])
[0x00007f7d50005bd0] ExpandHeap_lock - owner thread: 0x00007f7d50078000
[0x00007f7d50006250] Threads_lock - owner thread: 0x00007f7d50078000
[0x00007f7d50006750] Heap_lock - owner thread: 0x00007f7d5000a000

Heap:
 PSYoungGen      total 1858560K, used 0K [0x0000000715d80000, 0x00000007c0000000, 0x00000007c0000000)
  eden space 929280K, 0% used [0x0000000715d80000,0x0000000715d80000,0x000000074e900000)
  from space 929280K, 0% used [0x000000074e900000,0x000000074e900000,0x0000000787480000)
  to   space 929280K, 0% used [0x0000000787480000,0x0000000787480000,0x00000007c0000000)
 ParOldGen       total 4697088K, used 4611318K [0x00000005c1800000, 0x00000006e0300000, 0x0000000715d80000)
  object space 4697088K, 98% used [0x00000005c1800000,0x00000006daf3db28,0x00000006e0300000)
 Metaspace       used 2851K, capacity 4564K, committed 4864K, reserved 1056768K
  class space    used 287K, capacity 388K, committed 512K, reserved 1048576K

Card table byte_map: [0x00007f7d3f619000,0x00007f7d4060e000] byte_map_base: 0x00007f7d3c80d000

Marking Bits: (ParMarkBitMap*) 0x00007f7d55d8bc80
 Begin Bits: [0x00007f7d2e832000, 0x00007f7d367d2000)
 End Bits:   [0x00007f7d367d2000, 0x00007f7d3e772000)

Polling page: 0x00007f7d569d5000

CodeCache: size=245760Kb used=2429Kb max_used=2442Kb free=243330Kb
 bounds [0x00007f7d409ce000, 0x00007f7d40c3e000, 0x00007f7d4f9ce000]
 total_blobs=591 nmethods=353 adapters=153
 compilation: enabled

Compilation events (10 events):
Event: 79,349 Thread 0x00007f7d500bc000  359       4       java.lang.StringBuilder::append (8 bytes)
Event: 79,350 Thread 0x00007f7d500bc000 nmethod 359 0x00007f7d40c206d0 code [0x00007f7d40c20820, 0x00007f7d40c208a8]
Event: 119,249 Thread 0x00007f7d500be000  360       3       sun.misc.FDBigInteger::valueOfMulPow52 (449 bytes)
Event: 119,250 Thread 0x00007f7d500be000 nmethod 360 0x00007f7d40c1df90 code [0x00007f7d40c1e240, 0x00007f7d40c1f558]
Event: 119,250 Thread 0x00007f7d500be000  361       3       sun.misc.FDBigInteger::rightInplaceSub (351 bytes)
Event: 119,251 Thread 0x00007f7d500be000 nmethod 361 0x00007f7d40c2da90 code [0x00007f7d40c2dd00, 0x00007f7d40c2eca8]
Event: 119,737 Thread 0x00007f7d500b9800  362       4       sun.misc.FDBigInteger::rightInplaceSub (351 bytes)
Event: 119,744 Thread 0x00007f7d500b9800 nmethod 362 0x00007f7d40c314d0 code [0x00007f7d40c31660, 0x00007f7d40c31cb8]
Event: 119,831 Thread 0x00007f7d500bc000  363       4       sun.misc.FDBigInteger::valueOfMulPow52 (449 bytes)
Event: 119,841 Thread 0x00007f7d500bc000 nmethod 363 0x00007f7d40c302d0 code [0x00007f7d40c30480, 0x00007f7d40c30d78]

GC Heap History (10 events):
Event: 189,361 GC heap after
Heap after GC invocations=51 (full 10):
 PSYoungGen      total 1858560K, used 392555K [0x0000000715d80000, 0x00000007c0000000, 0x00000007c0000000)
  eden space 929280K, 0% used [0x0000000715d80000,0x0000000715d80000,0x000000074e900000)
  from space 929280K, 42% used [0x000000074e900000,0x000000076685af20,0x0000000787480000)
  to   space 929280K, 0% used [0x0000000787480000,0x0000000787480000,0x00000007c0000000)
 ParOldGen       total 4697088K, used 3694626K [0x00000005c1800000, 0x00000006e0300000, 0x0000000715d80000)
  object space 4697088K, 78% used [0x00000005c1800000,0x00000006a3008aa0,0x00000006e0300000)
 Metaspace       used 2851K, capacity 4564K, committed 4864K, reserved 1056768K
  class space    used 287K, capacity 388K, committed 512K, reserved 1048576K
}
Event: 192,331 GC heap before
{Heap before GC invocations=52 (full 10):
 PSYoungGen      total 1858560K, used 1321835K [0x0000000715d80000, 0x00000007c0000000, 0x00000007c0000000)
  eden space 929280K, 100% used [0x0000000715d80000,0x000000074e900000,0x000000074e900000)
  from space 929280K, 42% used [0x000000074e900000,0x000000076685af20,0x0000000787480000)
  to   space 929280K, 0% used [0x0000000787480000,0x0000000787480000,0x00000007c0000000)
 ParOldGen       total 4697088K, used 3694626K [0x00000005c1800000, 0x00000006e0300000, 0x0000000715d80000)
  object space 4697088K, 78% used [0x00000005c1800000,0x00000006a3008aa0,0x00000006e0300000)
 Metaspace       used 2851K, capacity 4564K, committed 4864K, reserved 1056768K
  class space    used 287K, capacity 388K, committed 512K, reserved 1048576K
Event: 194,079 GC heap after
Heap after GC invocations=52 (full 10):
 PSYoungGen      total 1858560K, used 245888K [0x0000000715d80000, 0x00000007c0000000, 0x00000007c0000000)
  eden space 929280K, 0% used [0x0000000715d80000,0x0000000715d80000,0x000000074e900000)
  from space 929280K, 26% used [0x0000000787480000,0x00000007964a0000,0x00000007c0000000)
  to   space 929280K, 0% used [0x000000074e900000,0x000000074e900000,0x0000000787480000)
 ParOldGen       total 4697088K, used 3970834K [0x00000005c1800000, 0x00000006e0300000, 0x0000000715d80000)
  object space 4697088K, 84% used [0x00000005c1800000,0x00000006b3dc4aa0,0x00000006e0300000)
 Metaspace       used 2851K, capacity 4564K, committed 4864K, reserved 1056768K
  class space    used 287K, capacity 388K, committed 512K, reserved 1048576K
}
Event: 197,115 GC heap before
{Heap before GC invocations=53 (full 10):
 PSYoungGen      total 1858560K, used 1175168K [0x0000000715d80000, 0x00000007c0000000, 0x00000007c0000000)
  eden space 929280K, 100% used [0x0000000715d80000,0x000000074e900000,0x000000074e900000)
  from space 929280K, 26% used [0x0000000787480000,0x00000007964a0000,0x00000007c0000000)
  to   space 929280K, 0% used [0x000000074e900000,0x000000074e900000,0x0000000787480000)
 ParOldGen       total 4697088K, used 3970834K [0x00000005c1800000, 0x00000006e0300000, 0x0000000715d80000)
  object space 4697088K, 84% used [0x00000005c1800000,0x00000006b3dc4aa0,0x00000006e0300000)
 Metaspace       used 2851K, capacity 4564K, committed 4864K, reserved 1056768K
  class space    used 287K, capacity 388K, committed 512K, reserved 1048576K
Event: 197,899 GC heap after
Heap after GC invocations=53 (full 10):
 PSYoungGen      total 1858560K, used 258656K [0x0000000715d80000, 0x00000007c0000000, 0x00000007c0000000)
  eden space 929280K, 0% used [0x0000000715d80000,0x0000000715d80000,0x000000074e900000)
  from space 929280K, 27% used [0x000000074e900000,0x000000075e598000,0x0000000787480000)
  to   space 929280K, 0% used [0x0000000787480000,0x0000000787480000,0x00000007c0000000)
 ParOldGen       total 4697088K, used 4088762K [0x00000005c1800000, 0x00000006e0300000, 0x0000000715d80000)
  object space 4697088K, 87% used [0x00000005c1800000,0x00000006bb0eeaa0,0x00000006e0300000)
 Metaspace       used 2851K, capacity 4564K, committed 4864K, reserved 1056768K
  class space    used 287K, capacity 388K, committed 512K, reserved 1048576K
}
Event: 201,734 GC heap before
{Heap before GC invocations=54 (full 10):
 PSYoungGen      total 1858560K, used 1187936K [0x0000000715d80000, 0x00000007c0000000, 0x00000007c0000000)
  eden space 929280K, 100% used [0x0000000715d80000,0x000000074e900000,0x000000074e900000)
  from space 929280K, 27% used [0x000000074e900000,0x000000075e598000,0x0000000787480000)
  to   space 929280K, 0% used [0x0000000787480000,0x0000000787480000,0x00000007c0000000)
 ParOldGen       total 4697088K, used 4088762K [0x00000005c1800000, 0x00000006e0300000, 0x0000000715d80000)
  object space 4697088K, 87% used [0x00000005c1800000,0x00000006bb0eeaa0,0x00000006e0300000)
 Metaspace       used 2851K, capacity 4564K, committed 4864K, reserved 1056768K
  class space    used 287K, capacity 388K, committed 512K, reserved 1048576K
Event: 202,537 GC heap after
Heap after GC invocations=54 (full 10):
 PSYoungGen      total 1858560K, used 261536K [0x0000000715d80000, 0x00000007c0000000, 0x00000007c0000000)
  eden space 929280K, 0% used [0x0000000715d80000,0x0000000715d80000,0x000000074e900000)
  from space 929280K, 28% used [0x0000000787480000,0x00000007973e8000,0x00000007c0000000)
  to   space 929280K, 0% used [0x000000074e900000,0x000000074e900000,0x0000000787480000)
 ParOldGen       total 4697088K, used 4217378K [0x00000005c1800000, 0x00000006e0300000, 0x0000000715d80000)
  object space 4697088K, 89% used [0x00000005c1800000,0x00000006c2e88aa0,0x00000006e0300000)
 Metaspace       used 2851K, capacity 4564K, committed 4864K, reserved 1056768K
  class space    used 287K, capacity 388K, committed 512K, reserved 1048576K
}
Event: 205,990 GC heap before
{Heap before GC invocations=55 (full 10):
 PSYoungGen      total 1858560K, used 1190816K [0x0000000715d80000, 0x00000007c0000000, 0x00000007c0000000)
  eden space 929280K, 100% used [0x0000000715d80000,0x000000074e900000,0x000000074e900000)
  from space 929280K, 28% used [0x0000000787480000,0x00000007973e8000,0x00000007c0000000)
  to   space 929280K, 0% used [0x000000074e900000,0x000000074e900000,0x0000000787480000)
 ParOldGen       total 4697088K, used 4217378K [0x00000005c1800000, 0x00000006e0300000, 0x0000000715d80000)
  object space 4697088K, 89% used [0x00000005c1800000,0x00000006c2e88aa0,0x00000006e0300000)
 Metaspace       used 2851K, capacity 4564K, committed 4864K, reserved 1056768K
  class space    used 287K, capacity 388K, committed 512K, reserved 1048576K
Event: 206,944 GC heap after
Heap after GC invocations=55 (full 10):
 PSYoungGen      total 1858560K, used 135008K [0x0000000715d80000, 0x00000007c0000000, 0x00000007c0000000)
  eden space 929280K, 0% used [0x0000000715d80000,0x0000000715d80000,0x000000074e900000)
  from space 929280K, 14% used [0x000000074e900000,0x0000000756cd8000,0x0000000787480000)
  to   space 929280K, 0% used [0x0000000787480000,0x0000000787480000,0x00000007c0000000)
 ParOldGen       total 4697088K, used 4479642K [0x00000005c1800000, 0x00000006e0300000, 0x0000000715d80000)
  object space 4697088K, 95% used [0x00000005c1800000,0x00000006d2ea6aa0,0x00000006e0300000)
 Metaspace       used 2851K, capacity 4564K, committed 4864K, reserved 1056768K
  class space    used 287K, capacity 388K, committed 512K, reserved 1048576K
}
Event: 206,944 GC heap before
{Heap before GC invocations=56 (full 11):
 PSYoungGen      total 1858560K, used 135008K [0x0000000715d80000, 0x00000007c0000000, 0x00000007c0000000)
  eden space 929280K, 0% used [0x0000000715d80000,0x0000000715d80000,0x000000074e900000)
  from space 929280K, 14% used [0x000000074e900000,0x0000000756cd8000,0x0000000787480000)
  to   space 929280K, 0% used [0x0000000787480000,0x0000000787480000,0x00000007c0000000)
 ParOldGen       total 4697088K, used 4479642K [0x00000005c1800000, 0x00000006e0300000, 0x0000000715d80000)
  object space 4697088K, 95% used [0x00000005c1800000,0x00000006d2ea6aa0,0x00000006e0300000)
 Metaspace       used 2851K, capacity 4564K, committed 4864K, reserved 1056768K
  class space    used 287K, capacity 388K, committed 512K, reserved 1048576K

Deoptimization events (10 events):
Event: 0,366 Thread 0x00007f7d5000a000 Uncommon trap: reason=array_check action=maybe_recompile pc=0x00007f7d40b7d3e0 method=java.util.AbstractCollection.toArray([Ljava/lang/Object;)[Ljava/lang/Object; @ 119
Event: 0,748 Thread 0x00007f7d5000a000 Uncommon trap: reason=unstable_if action=reinterpret pc=0x00007f7d40b96aac method=sun.nio.cs.UTF_8$Decoder.decodeArrayLoop(Ljava/nio/ByteBuffer;Ljava/nio/CharBuffer;)Ljava/nio/charset/CoderResult; @ 287
Event: 0,788 Thread 0x00007f7d5000a000 Uncommon trap: reason=unstable_if action=reinterpret pc=0x00007f7d40b91e48 method=sun.nio.cs.UTF_8$Decoder.decodeArrayLoop(Ljava/nio/ByteBuffer;Ljava/nio/CharBuffer;)Ljava/nio/charset/CoderResult; @ 287
Event: 1,085 Thread 0x00007f7d5000a000 Uncommon trap: reason=unstable_if action=reinterpret pc=0x00007f7d40bc46e4 method=java.lang.Integer.getChars(II[C)V @ 20
Event: 1,085 Thread 0x00007f7d5000a000 Uncommon trap: reason=unstable_if action=reinterpret pc=0x00007f7d40b9f000 method=java.lang.Integer.getChars(II[C)V @ 20
Event: 1,411 Thread 0x00007f7d5000a000 Uncommon trap: reason=unstable_if action=reinterpret pc=0x00007f7d40bc542c method=java.lang.Integer.getChars(II[C)V @ 20
Event: 4,528 Thread 0x00007f7d5000a000 Uncommon trap: reason=unstable_if action=reinterpret pc=0x00007f7d40c0bf48 method=sun.misc.FDBigInteger.cmp(Lsun/misc/FDBigInteger;)I @ 22
Event: 70,309 Thread 0x00007f7d5000a000 Uncommon trap: reason=unstable_if action=reinterpret pc=0x00007f7d40bf2fb4 method=reader.FileReader.read(Ljava/lang/String;)V @ 97
Event: 119,244 Thread 0x00007f7d5000a000 Uncommon trap: reason=unstable_if action=reinterpret pc=0x00007f7d40c0ce38 method=sun.misc.FDBigInteger.valueOfMulPow52(JII)Lsun/misc/FDBigInteger; @ 243
Event: 119,245 Thread 0x00007f7d5000a000 Uncommon trap: reason=unstable_if action=reinterpret pc=0x00007f7d40c1b528 method=sun.misc.FDBigInteger.rightInplaceSub(Lsun/misc/FDBigInteger;)Lsun/misc/FDBigInteger; @ 189

Internal exceptions (2 events):
Event: 0,083 Thread 0x00007f7d5000a000 Exception <a 'java/lang/NoSuchMethodError': Method sun.misc.Unsafe.defineClass(Ljava/lang/String;[BII)Ljava/lang/Class; name or signature does not match> (0x0000000715d87ca8) thrown at [/HUDSON3/workspace/8-2-build-linux-amd64/jdk8u121/8372/hotspot/src/sh
Event: 0,083 Thread 0x00007f7d5000a000 Exception <a 'java/lang/NoSuchMethodError': Method sun.misc.Unsafe.prefetchRead(Ljava/lang/Object;J)V name or signature does not match> (0x0000000715d87f90) thrown at [/HUDSON3/workspace/8-2-build-linux-amd64/jdk8u121/8372/hotspot/src/share/vm/prims/jni.c

Events (10 events):
Event: 170,535 Executing VM operation: ParallelGCFailedAllocation done
Event: 174,195 Executing VM operation: ParallelGCFailedAllocation
Event: 189,361 Executing VM operation: ParallelGCFailedAllocation done
Event: 192,331 Executing VM operation: ParallelGCFailedAllocation
Event: 194,079 Executing VM operation: ParallelGCFailedAllocation done
Event: 197,115 Executing VM operation: ParallelGCFailedAllocation
Event: 197,899 Executing VM operation: ParallelGCFailedAllocation done
Event: 201,734 Executing VM operation: ParallelGCFailedAllocation
Event: 202,537 Executing VM operation: ParallelGCFailedAllocation done
Event: 205,990 Executing VM operation: ParallelGCFailedAllocation


Dynamic libraries:
00400000-00401000 r-xp 00000000 08:04 1185613                            /usr/lib/jvm/java-8-oracle/bin/java
00600000-00601000 rw-p 00000000 08:04 1185613                            /usr/lib/jvm/java-8-oracle/bin/java
01b85000-01ba6000 rw-p 00000000 00:00 0                                  [heap]
5c1800000-6e0300000 rw-p 00000000 00:00 0 
715d80000-7c0000000 rw-p 00000000 00:00 0 
7c0000000-7c0080000 rw-p 00000000 00:00 0 
7c0080000-800000000 ---p 00000000 00:00 0 
7f7cf4000000-7f7cf4021000 rw-p 00000000 00:00 0 
7f7cf4021000-7f7cf8000000 ---p 00000000 00:00 0 
7f7cf8000000-7f7cf8021000 rw-p 00000000 00:00 0 
7f7cf8021000-7f7cfc000000 ---p 00000000 00:00 0 
7f7cfc000000-7f7cfc6e7000 rw-p 00000000 00:00 0 
7f7cfc6e7000-7f7d00000000 ---p 00000000 00:00 0 
7f7d00000000-7f7d003e9000 rw-p 00000000 00:00 0 
7f7d003e9000-7f7d04000000 ---p 00000000 00:00 0 
7f7d04000000-7f7d04021000 rw-p 00000000 00:00 0 
7f7d04021000-7f7d08000000 ---p 00000000 00:00 0 
7f7d08000000-7f7d089ba000 rw-p 00000000 00:00 0 
7f7d089ba000-7f7d0c000000 ---p 00000000 00:00 0 
7f7d0c000000-7f7d0c021000 rw-p 00000000 00:00 0 
7f7d0c021000-7f7d10000000 ---p 00000000 00:00 0 
7f7d10000000-7f7d10021000 rw-p 00000000 00:00 0 
7f7d10021000-7f7d14000000 ---p 00000000 00:00 0 
7f7d14000000-7f7d140f7000 rw-p 00000000 00:00 0 
7f7d140f7000-7f7d18000000 ---p 00000000 00:00 0 
7f7d18000000-7f7d18dc5000 rw-p 00000000 00:00 0 
7f7d18dc5000-7f7d1c000000 ---p 00000000 00:00 0 
7f7d1ea0b000-7f7d1eba2000 rw-p 00000000 00:00 0 
7f7d1eba2000-7f7d1eba3000 ---p 00000000 00:00 0 
7f7d1eba3000-7f7d1eca3000 rw-p 00000000 00:00 0 
7f7d1eca3000-7f7d1eca6000 ---p 00000000 00:00 0 
7f7d1eca6000-7f7d1eda4000 rw-p 00000000 00:00 0 
7f7d1eda4000-7f7d1eda7000 ---p 00000000 00:00 0 
7f7d1eda7000-7f7d1eea5000 rw-p 00000000 00:00 0 
7f7d1eea5000-7f7d1eea8000 ---p 00000000 00:00 0 
7f7d1eea8000-7f7d1efa6000 rw-p 00000000 00:00 0 
7f7d1efa6000-7f7d1efa9000 ---p 00000000 00:00 0 
7f7d1efa9000-7f7d1f0a7000 rw-p 00000000 00:00 0 
7f7d1f0a7000-7f7d1f0aa000 ---p 00000000 00:00 0 
7f7d1f0aa000-7f7d1f1a8000 rw-p 00000000 00:00 0 
7f7d1f1a8000-7f7d1f9fa000 r--p 00000000 08:04 1186993                    /usr/lib/locale/locale-archive
7f7d1f9fa000-7f7d1f9fd000 ---p 00000000 00:00 0 
7f7d1f9fd000-7f7d1fafb000 rw-p 00000000 00:00 0 
7f7d1fafb000-7f7d1fafe000 ---p 00000000 00:00 0 
7f7d1fafe000-7f7d1fbfc000 rw-p 00000000 00:00 0 
7f7d1fbfc000-7f7d1fbfd000 ---p 00000000 00:00 0 
7f7d1fbfd000-7f7d20000000 rw-p 00000000 00:00 0 
7f7d20000000-7f7d20b80000 rw-p 00000000 00:00 0 
7f7d20b80000-7f7d24000000 ---p 00000000 00:00 0 
7f7d24000000-7f7d25042000 rw-p 00000000 00:00 0 
7f7d25042000-7f7d28000000 ---p 00000000 00:00 0 
7f7d28000000-7f7d289be000 rw-p 00000000 00:00 0 
7f7d289be000-7f7d2c000000 ---p 00000000 00:00 0 
7f7d2c0ef000-7f7d2cdef000 rw-p 00000000 00:00 0 
7f7d2cdef000-7f7d2cfc8000 r--s 03d3e000 08:04 1185088                    /usr/lib/jvm/java-8-oracle/jre/lib/rt.jar
7f7d2cfc8000-7f7d2d47e000 rw-p 00000000 00:00 0 
7f7d2d47e000-7f7d2d83e000 ---p 00000000 00:00 0 
7f7d2d83e000-7f7d3e772000 rw-p 00000000 00:00 0 
7f7d3e772000-7f7d3e773000 ---p 00000000 00:00 0 
7f7d3e773000-7f7d3e873000 rw-p 00000000 00:00 0 
7f7d3e873000-7f7d3e874000 ---p 00000000 00:00 0 
7f7d3e874000-7f7d3e974000 rw-p 00000000 00:00 0 
7f7d3e974000-7f7d3e975000 ---p 00000000 00:00 0 
7f7d3e975000-7f7d3ea75000 rw-p 00000000 00:00 0 
7f7d3ea75000-7f7d3ea76000 ---p 00000000 00:00 0 
7f7d3ea76000-7f7d3f46c000 rw-p 00000000 00:00 0 
7f7d3f46c000-7f7d3f619000 ---p 00000000 00:00 0 
7f7d3f619000-7f7d3ff0f000 rw-p 00000000 00:00 0 
7f7d3ff0f000-7f7d400bb000 ---p 00000000 00:00 0 
7f7d400bb000-7f7d4060d000 rw-p 00000000 00:00 0 
7f7d4060d000-7f7d40618000 rw-p 00000000 00:00 0 
7f7d40618000-7f7d409ce000 ---p 00000000 00:00 0 
7f7d409ce000-7f7d40c3e000 rwxp 00000000 00:00 0 
7f7d40c3e000-7f7d4f9ce000 ---p 00000000 00:00 0 
7f7d4f9ce000-7f7d4f9e8000 r-xp 00000000 08:04 1185490                    /usr/lib/jvm/java-8-oracle/jre/lib/amd64/libzip.so
7f7d4f9e8000-7f7d4fbe8000 ---p 0001a000 08:04 1185490                    /usr/lib/jvm/java-8-oracle/jre/lib/amd64/libzip.so
7f7d4fbe8000-7f7d4fbe9000 rw-p 0001a000 08:04 1185490                    /usr/lib/jvm/java-8-oracle/jre/lib/amd64/libzip.so
7f7d4fbe9000-7f7d4fbf3000 r-xp 00000000 08:04 3150166                    /lib/x86_64-linux-gnu/libnss_files-2.19.so
7f7d4fbf3000-7f7d4fdf2000 ---p 0000a000 08:04 3150166                    /lib/x86_64-linux-gnu/libnss_files-2.19.so
7f7d4fdf2000-7f7d4fdf3000 r--p 00009000 08:04 3150166                    /lib/x86_64-linux-gnu/libnss_files-2.19.so
7f7d4fdf3000-7f7d4fdf4000 rw-p 0000a000 08:04 3150166                    /lib/x86_64-linux-gnu/libnss_files-2.19.so
7f7d4fdf4000-7f7d4fdff000 r-xp 00000000 08:04 3145825                    /lib/x86_64-linux-gnu/libnss_nis-2.19.so
7f7d4fdff000-7f7d4fffe000 ---p 0000b000 08:04 3145825                    /lib/x86_64-linux-gnu/libnss_nis-2.19.so
7f7d4fffe000-7f7d4ffff000 r--p 0000a000 08:04 3145825                    /lib/x86_64-linux-gnu/libnss_nis-2.19.so
7f7d4ffff000-7f7d50000000 rw-p 0000b000 08:04 3145825                    /lib/x86_64-linux-gnu/libnss_nis-2.19.so
7f7d50000000-7f7d50127000 rw-p 00000000 00:00 0 
7f7d50127000-7f7d54000000 ---p 00000000 00:00 0 
7f7d54000000-7f7d5405b000 rw-p 00000000 00:00 0 
7f7d5405b000-7f7d54072000 r-xp 00000000 08:04 3145821                    /lib/x86_64-linux-gnu/libnsl-2.19.so
7f7d54072000-7f7d54271000 ---p 00017000 08:04 3145821                    /lib/x86_64-linux-gnu/libnsl-2.19.so
7f7d54271000-7f7d54272000 r--p 00016000 08:04 3145821                    /lib/x86_64-linux-gnu/libnsl-2.19.so
7f7d54272000-7f7d54273000 rw-p 00017000 08:04 3145821                    /lib/x86_64-linux-gnu/libnsl-2.19.so
7f7d54273000-7f7d54275000 rw-p 00000000 00:00 0 
7f7d54275000-7f7d5427e000 r-xp 00000000 08:04 3145820                    /lib/x86_64-linux-gnu/libnss_compat-2.19.so
7f7d5427e000-7f7d5447d000 ---p 00009000 08:04 3145820                    /lib/x86_64-linux-gnu/libnss_compat-2.19.so
7f7d5447d000-7f7d5447e000 r--p 00008000 08:04 3145820                    /lib/x86_64-linux-gnu/libnss_compat-2.19.so
7f7d5447e000-7f7d5447f000 rw-p 00009000 08:04 3145820                    /lib/x86_64-linux-gnu/libnss_compat-2.19.so
7f7d5447f000-7f7d544aa000 r-xp 00000000 08:04 1185530                    /usr/lib/jvm/java-8-oracle/jre/lib/amd64/libjava.so
7f7d544aa000-7f7d546a9000 ---p 0002b000 08:04 1185530                    /usr/lib/jvm/java-8-oracle/jre/lib/amd64/libjava.so
7f7d546a9000-7f7d546ab000 rw-p 0002a000 08:04 1185530                    /usr/lib/jvm/java-8-oracle/jre/lib/amd64/libjava.so
7f7d546ab000-7f7d546b8000 r-xp 00000000 08:04 1185500                    /usr/lib/jvm/java-8-oracle/jre/lib/amd64/libverify.so
7f7d546b8000-7f7d548b7000 ---p 0000d000 08:04 1185500                    /usr/lib/jvm/java-8-oracle/jre/lib/amd64/libverify.so
7f7d548b7000-7f7d548b9000 rw-p 0000c000 08:04 1185500                    /usr/lib/jvm/java-8-oracle/jre/lib/amd64/libverify.so
7f7d548b9000-7f7d548c0000 r-xp 00000000 08:04 3145829                    /lib/x86_64-linux-gnu/librt-2.19.so
7f7d548c0000-7f7d54abf000 ---p 00007000 08:04 3145829                    /lib/x86_64-linux-gnu/librt-2.19.so
7f7d54abf000-7f7d54ac0000 r--p 00006000 08:04 3145829                    /lib/x86_64-linux-gnu/librt-2.19.so
7f7d54ac0000-7f7d54ac1000 rw-p 00007000 08:04 3145829                    /lib/x86_64-linux-gnu/librt-2.19.so
7f7d54ac1000-7f7d54bc6000 r-xp 00000000 08:04 3145757                    /lib/x86_64-linux-gnu/libm-2.19.so
7f7d54bc6000-7f7d54dc5000 ---p 00105000 08:04 3145757                    /lib/x86_64-linux-gnu/libm-2.19.so
7f7d54dc5000-7f7d54dc6000 r--p 00104000 08:04 3145757                    /lib/x86_64-linux-gnu/libm-2.19.so
7f7d54dc6000-7f7d54dc7000 rw-p 00105000 08:04 3145757                    /lib/x86_64-linux-gnu/libm-2.19.so
7f7d54dc7000-7f7d55a95000 r-xp 00000000 08:04 1185526                    /usr/lib/jvm/java-8-oracle/jre/lib/amd64/server/libjvm.so
7f7d55a95000-7f7d55c95000 ---p 00cce000 08:04 1185526                    /usr/lib/jvm/java-8-oracle/jre/lib/amd64/server/libjvm.so
7f7d55c95000-7f7d55d6e000 rw-p 00cce000 08:04 1185526                    /usr/lib/jvm/java-8-oracle/jre/lib/amd64/server/libjvm.so
7f7d55d6e000-7f7d55db9000 rw-p 00000000 00:00 0 
7f7d55db9000-7f7d55f73000 r-xp 00000000 08:04 3145830                    /lib/x86_64-linux-gnu/libc-2.19.so
7f7d55f73000-7f7d56173000 ---p 001ba000 08:04 3145830                    /lib/x86_64-linux-gnu/libc-2.19.so
7f7d56173000-7f7d56177000 r--p 001ba000 08:04 3145830                    /lib/x86_64-linux-gnu/libc-2.19.so
7f7d56177000-7f7d56179000 rw-p 001be000 08:04 3145830                    /lib/x86_64-linux-gnu/libc-2.19.so
7f7d56179000-7f7d5617e000 rw-p 00000000 00:00 0 
7f7d5617e000-7f7d56181000 r-xp 00000000 08:04 3145817                    /lib/x86_64-linux-gnu/libdl-2.19.so
7f7d56181000-7f7d56380000 ---p 00003000 08:04 3145817                    /lib/x86_64-linux-gnu/libdl-2.19.so
7f7d56380000-7f7d56381000 r--p 00002000 08:04 3145817                    /lib/x86_64-linux-gnu/libdl-2.19.so
7f7d56381000-7f7d56382000 rw-p 00003000 08:04 3145817                    /lib/x86_64-linux-gnu/libdl-2.19.so
7f7d56382000-7f7d56397000 r-xp 00000000 08:04 1186546                    /usr/lib/jvm/java-8-oracle/lib/amd64/jli/libjli.so
7f7d56397000-7f7d56597000 ---p 00015000 08:04 1186546                    /usr/lib/jvm/java-8-oracle/lib/amd64/jli/libjli.so
7f7d56597000-7f7d56598000 rw-p 00015000 08:04 1186546                    /usr/lib/jvm/java-8-oracle/lib/amd64/jli/libjli.so
7f7d56598000-7f7d565b1000 r-xp 00000000 08:04 3145822                    /lib/x86_64-linux-gnu/libpthread-2.19.so
7f7d565b1000-7f7d567b0000 ---p 00019000 08:04 3145822                    /lib/x86_64-linux-gnu/libpthread-2.19.so
7f7d567b0000-7f7d567b1000 r--p 00018000 08:04 3145822                    /lib/x86_64-linux-gnu/libpthread-2.19.so
7f7d567b1000-7f7d567b2000 rw-p 00019000 08:04 3145822                    /lib/x86_64-linux-gnu/libpthread-2.19.so
7f7d567b2000-7f7d567b6000 rw-p 00000000 00:00 0 
7f7d567b6000-7f7d567d9000 r-xp 00000000 08:04 3145823                    /lib/x86_64-linux-gnu/ld-2.19.so
7f7d567f2000-7f7d568ba000 rw-p 00000000 00:00 0 
7f7d568ba000-7f7d568bd000 ---p 00000000 00:00 0 
7f7d568bd000-7f7d569bf000 rw-p 00000000 00:00 0 
7f7d569cb000-7f7d569cc000 rw-p 00000000 00:00 0 
7f7d569cc000-7f7d569d4000 rw-s 00000000 08:04 1048616                    /tmp/hsperfdata_truong/2889
7f7d569d4000-7f7d569d5000 rw-p 00000000 00:00 0 
7f7d569d5000-7f7d569d6000 ---p 00000000 00:00 0 
7f7d569d6000-7f7d569d8000 rw-p 00000000 00:00 0 
7f7d569d8000-7f7d569d9000 r--p 00022000 08:04 3145823                    /lib/x86_64-linux-gnu/ld-2.19.so
7f7d569d9000-7f7d569da000 rw-p 00023000 08:04 3145823                    /lib/x86_64-linux-gnu/ld-2.19.so
7f7d569da000-7f7d569db000 rw-p 00000000 00:00 0 
7fff19490000-7fff194b1000 rw-p 00000000 00:00 0                          [stack]
7fff194db000-7fff194dd000 r--p 00000000 00:00 0                          [vvar]
7fff194dd000-7fff194df000 r-xp 00000000 00:00 0                          [vdso]
ffffffffff600000-ffffffffff601000 r-xp 00000000 00:00 0                  [vsyscall]

VM Arguments:
jvm_args: -Xmx8168m -Dfile.encoding=UTF-8 
java_command: phrase_improve.FilterPhraseMain
java_class_path (initial): /home/truong/workspace/nlp/bin:/home/truong/workspace/nlp/lib/antlr4-runtime-4.5.3.jar:/home/truong/workspace/nlp/lib/jgraph-5.13.0.0.jar:/home/truong/workspace/nlp/lib/jgrapht-core-1.0.0.jar:/home/truong/workspace/nlp/lib/jgrapht-ext-1.0.0.jar:/home/truong/workspace/nlp/lib/jgraphx-2.0.0.1.jar:/home/truong/workspace/nlp/lib/jgrapht-demo-1.0.0.jar:/home/truong/workspace/nlp/lib/jgrapht-ext-1.0.0-uber.jar:/home/truong/Downloads/lucene-gosen-4.6.0-naist-chasen.jar
Launcher Type: SUN_STANDARD

Environment Variables:
JAVA_HOME=/usr/lib/jvm/java-8-oracle
PATH=/usr/local/sbin:/usr/local/bin:/usr/sbin:/usr/bin:/sbin:/bin:/usr/games:/usr/local/games:/usr/lib/jvm/java-8-oracle/bin:/usr/lib/jvm/java-8-oracle/db/bin:/usr/lib/jvm/java-8-oracle/jre/bin
SHELL=/bin/bash
DISPLAY=:0

Signal Handlers:
SIGSEGV: [libjvm.so+0xac78c0], sa_mask[0]=11111111011111111101111111111110, sa_flags=SA_RESTART|SA_SIGINFO
SIGBUS: [libjvm.so+0xac78c0], sa_mask[0]=11111111011111111101111111111110, sa_flags=SA_RESTART|SA_SIGINFO
SIGFPE: [libjvm.so+0x920ac0], sa_mask[0]=11111111011111111101111111111110, sa_flags=SA_RESTART|SA_SIGINFO
SIGPIPE: [libjvm.so+0x920ac0], sa_mask[0]=11111111011111111101111111111110, sa_flags=SA_RESTART|SA_SIGINFO
SIGXFSZ: [libjvm.so+0x920ac0], sa_mask[0]=11111111011111111101111111111110, sa_flags=SA_RESTART|SA_SIGINFO
SIGILL: [libjvm.so+0x920ac0], sa_mask[0]=11111111011111111101111111111110, sa_flags=SA_RESTART|SA_SIGINFO
SIGUSR1: SIG_DFL, sa_mask[0]=00000000000000000000000000000000, sa_flags=none
SIGUSR2: [libjvm.so+0x922300], sa_mask[0]=00100000000000000000000000000000, sa_flags=SA_RESTART|SA_SIGINFO
SIGHUP: [libjvm.so+0x923700], sa_mask[0]=11111111011111111101111111111110, sa_flags=SA_RESTART|SA_SIGINFO
SIGINT: [libjvm.so+0x923700], sa_mask[0]=11111111011111111101111111111110, sa_flags=SA_RESTART|SA_SIGINFO
SIGTERM: [libjvm.so+0x923700], sa_mask[0]=11111111011111111101111111111110, sa_flags=SA_RESTART|SA_SIGINFO
SIGQUIT: [libjvm.so+0x923700], sa_mask[0]=11111111011111111101111111111110, sa_flags=SA_RESTART|SA_SIGINFO


---------------  S Y S T E M  ---------------

OS:DISTRIB_ID=Ubuntu
DISTRIB_RELEASE=14.04
DISTRIB_CODENAME=trusty
DISTRIB_DESCRIPTION="Ubuntu 14.04.5 LTS"

uname:Linux 4.4.0-64-generic #85~14.04.1-Ubuntu SMP Mon Feb 20 12:10:54 UTC 2017 x86_64
libc:glibc 2.19 NPTL 2.19 
rlimit: STACK 8192k, CORE 0k, NPROC 39027, NOFILE 4096, AS infinity
load average:3,05 2,57 2,07

/proc/meminfo:
MemTotal:       10117760 kB
MemFree:          152556 kB
MemAvailable:     314504 kB
Buffers:           13144 kB
Cached:           624532 kB
SwapCached:            0 kB
Active:          9291480 kB
Inactive:         468728 kB
Active(anon):    9142084 kB
Inactive(anon):   241636 kB
Active(file):     149396 kB
Inactive(file):   227092 kB
Unevictable:          80 kB
Mlocked:              80 kB
SwapTotal:             0 kB
SwapFree:              0 kB
Dirty:              2320 kB
Writeback:             0 kB
AnonPages:       9122900 kB
Mapped:           171032 kB
Shmem:            261032 kB
Slab:              68160 kB
SReclaimable:      36216 kB
SUnreclaim:        31944 kB
KernelStack:        8688 kB
PageTables:        46176 kB
NFS_Unstable:          0 kB
Bounce:                0 kB
WritebackTmp:          0 kB
CommitLimit:     5058880 kB
Committed_AS:   12512240 kB
VmallocTotal:   34359738367 kB
VmallocUsed:           0 kB
VmallocChunk:          0 kB
HardwareCorrupted:     0 kB
AnonHugePages:   7030784 kB
CmaTotal:              0 kB
CmaFree:               0 kB
HugePages_Total:       0
HugePages_Free:        0
HugePages_Rsvd:        0
HugePages_Surp:        0
Hugepagesize:       2048 kB
DirectMap4k:       87552 kB
DirectMap2M:     1888256 kB
DirectMap1G:     8388608 kB


CPU:total 4 (2 cores per cpu, 2 threads per core) family 6 model 60 stepping 3, cmov, cx8, fxsr, mmx, sse, sse2, sse3, ssse3, sse4.1, sse4.2, popcnt, avx, avx2, aes, clmul, erms, lzcnt, ht, tsc, tscinvbit, bmi1, bmi2

/proc/cpuinfo:
processor	: 0
vendor_id	: GenuineIntel
cpu family	: 6
model		: 60
model name	: Intel(R) Core(TM) i5-4200M CPU @ 2.50GHz
stepping	: 3
microcode	: 0x17
cpu MHz		: 3064.843
cache size	: 3072 KB
physical id	: 0
siblings	: 4
core id		: 0
cpu cores	: 2
apicid		: 0
initial apicid	: 0
fpu		: yes
fpu_exception	: yes
cpuid level	: 13
wp		: yes
flags		: fpu vme de pse tsc msr pae mce cx8 apic sep mtrr pge mca cmov pat pse36 clflush dts acpi mmx fxsr sse sse2 ss ht tm pbe syscall nx pdpe1gb rdtscp lm constant_tsc arch_perfmon pebs bts rep_good nopl xtopology nonstop_tsc aperfmperf eagerfpu pni pclmulqdq dtes64 monitor ds_cpl vmx est tm2 ssse3 sdbg fma cx16 xtpr pdcm pcid sse4_1 sse4_2 movbe popcnt tsc_deadline_timer aes xsave avx f16c rdrand lahf_lm abm epb tpr_shadow vnmi flexpriority ept vpid fsgsbase tsc_adjust bmi1 avx2 smep bmi2 erms invpcid xsaveopt dtherm ida arat pln pts
bugs		:
bogomips	: 4988.69
clflush size	: 64
cache_alignment	: 64
address sizes	: 39 bits physical, 48 bits virtual
power management:

processor	: 1
vendor_id	: GenuineIntel
cpu family	: 6
model		: 60
model name	: Intel(R) Core(TM) i5-4200M CPU @ 2.50GHz
stepping	: 3
microcode	: 0x17
cpu MHz		: 2920.019
cache size	: 3072 KB
physical id	: 0
siblings	: 4
core id		: 0
cpu cores	: 2
apicid		: 1
initial apicid	: 1
fpu		: yes
fpu_exception	: yes
cpuid level	: 13
wp		: yes
flags		: fpu vme de pse tsc msr pae mce cx8 apic sep mtrr pge mca cmov pat pse36 clflush dts acpi mmx fxsr sse sse2 ss ht tm pbe syscall nx pdpe1gb rdtscp lm constant_tsc arch_perfmon pebs bts rep_good nopl xtopology nonstop_tsc aperfmperf eagerfpu pni pclmulqdq dtes64 monitor ds_cpl vmx est tm2 ssse3 sdbg fma cx16 xtpr pdcm pcid sse4_1 sse4_2 movbe popcnt tsc_deadline_timer aes xsave avx f16c rdrand lahf_lm abm epb tpr_shadow vnmi flexpriority ept vpid fsgsbase tsc_adjust bmi1 avx2 smep bmi2 erms invpcid xsaveopt dtherm ida arat pln pts
bugs		:
bogomips	: 4988.69
clflush size	: 64
cache_alignment	: 64
address sizes	: 39 bits physical, 48 bits virtual
power management:

processor	: 2
vendor_id	: GenuineIntel
cpu family	: 6
model		: 60
model name	: Intel(R) Core(TM) i5-4200M CPU @ 2.50GHz
stepping	: 3
microcode	: 0x17
cpu MHz		: 2975.000
cache size	: 3072 KB
physical id	: 0
siblings	: 4
core id		: 1
cpu cores	: 2
apicid		: 2
initial apicid	: 2
fpu		: yes
fpu_exception	: yes
cpuid level	: 13
wp		: yes
flags		: fpu vme de pse tsc msr pae mce cx8 apic sep mtrr pge mca cmov pat pse36 clflush dts acpi mmx fxsr sse sse2 ss ht tm pbe syscall nx pdpe1gb rdtscp lm constant_tsc arch_perfmon pebs bts rep_good nopl xtopology nonstop_tsc aperfmperf eagerfpu pni pclmulqdq dtes64 monitor ds_cpl vmx est tm2 ssse3 sdbg fma cx16 xtpr pdcm pcid sse4_1 sse4_2 movbe popcnt tsc_deadline_timer aes xsave avx f16c rdrand lahf_lm abm epb tpr_shadow vnmi flexpriority ept vpid fsgsbase tsc_adjust bmi1 avx2 smep bmi2 erms invpcid xsaveopt dtherm ida arat pln pts
bugs		:
bogomips	: 4988.69
clflush size	: 64
cache_alignment	: 64
address sizes	: 39 bits physical, 48 bits virtual
power management:

processor	: 3
vendor_id	: GenuineIntel
cpu family	: 6
model		: 60
model name	: Intel(R) Core(TM) i5-4200M CPU @ 2.50GHz
stepping	: 3
microcode	: 0x17
cpu MHz		: 2991.699
cache size	: 3072 KB
physical id	: 0
siblings	: 4
core id		: 1
cpu cores	: 2
apicid		: 3
initial apicid	: 3
fpu		: yes
fpu_exception	: yes
cpuid level	: 13
wp		: yes
flags		: fpu vme de pse tsc msr pae mce cx8 apic sep mtrr pge mca cmov pat pse36 clflush dts acpi mmx fxsr sse sse2 ss ht tm pbe syscall nx pdpe1gb rdtscp lm constant_tsc arch_perfmon pebs bts rep_good nopl xtopology nonstop_tsc aperfmperf eagerfpu pni pclmulqdq dtes64 monitor ds_cpl vmx est tm2 ssse3 sdbg fma cx16 xtpr pdcm pcid sse4_1 sse4_2 movbe popcnt tsc_deadline_timer aes xsave avx f16c rdrand lahf_lm abm epb tpr_shadow vnmi flexpriority ept vpid fsgsbase tsc_adjust bmi1 avx2 smep bmi2 erms invpcid xsaveopt dtherm ida arat pln pts
bugs		:
bogomips	: 4988.69
clflush size	: 64
cache_alignment	: 64
address sizes	: 39 bits physical, 48 bits virtual
power management:



Memory: 4k page, physical 10117760k(152728k free), swap 0k(0k free)

vm_info: Java HotSpot(TM) 64-Bit Server VM (25.121-b13) for linux-amd64 JRE (1.8.0_121-b13), built on Dec 12 2016 16:36:53 by "java_re" with gcc 4.3.0 20080428 (Red Hat 4.3.0-8)

time: Mon Mar 27 11:06:45 2017
elapsed time: 222 seconds (0d 0h 3m 42s)

